<?xml version="1.0" encoding="UTF-8"?>
<!-- Generated by org.testng.reporters.JUnitXMLReporter -->
<testsuite hostname="ADMIN-PC" ignored="0" name="Default test" tests="10" failures="0" timestamp="22 Jul 2020 16:44:05 GMT" time="36.853" errors="0">
  <testcase name="verifyTitle" time="0.242" classname="com.demo.test"/>
  <testcase name="step1" time="2.309" classname="com.demo.test"/>
  <testcase name="step2" time="3.072" classname="com.demo.test"/>
  <testcase name="step3" time="2.226" classname="com.demo.test"/>
  <testcase name="step4" time="2.177" classname="com.demo.test"/>
  <testcase name="step5" time="0.737" classname="com.demo.test"/>
  <testcase name="step6" time="3.013" classname="com.demo.test"/>
  <testcase name="step7" time="0.108" classname="com.demo.test"/>
  <testcase name="step8" time="3.162" classname="com.demo.test"/>
  <testcase name="step9" time="0.222" classname="com.demo.test"/>
</testsuite> <!-- Default test -->
