<?xml version="1.0" encoding="UTF-8"?>
<testng-results skipped="0" failed="0" ignored="0" total="10" passed="10">
  <reporter-output>
  </reporter-output>
  <suite name="Suite" duration-ms="29112" started-at="2020-07-21T10:09:57Z" finished-at="2020-07-21T10:10:26Z">
    <groups>
    </groups>
    <test name="Test" duration-ms="29112" started-at="2020-07-21T10:09:57Z" finished-at="2020-07-21T10:10:26Z">
      <class name="com.demo.test">
        <test-method status="PASS" signature="invokeBrowser()[pri:0, instance:com.demo.test@4cbd03e7]" name="invokeBrowser" is-config="true" duration-ms="5930" started-at="2020-07-21T10:09:57Z" finished-at="2020-07-21T10:10:03Z">
          <reporter-output>
          </reporter-output>
        </test-method> <!-- invokeBrowser -->
        <test-method status="PASS" signature="verifyTitle()[pri:0, instance:com.demo.test@4cbd03e7]" name="verifyTitle" duration-ms="698" started-at="2020-07-21T10:10:03Z" finished-at="2020-07-21T10:10:04Z">
          <reporter-output>
          </reporter-output>
        </test-method> <!-- verifyTitle -->
        <test-method status="PASS" signature="step1()[pri:1, instance:com.demo.test@4cbd03e7]" name="step1" duration-ms="2214" started-at="2020-07-21T10:10:04Z" finished-at="2020-07-21T10:10:06Z">
          <reporter-output>
          </reporter-output>
        </test-method> <!-- step1 -->
        <test-method status="PASS" signature="step2()[pri:2, instance:com.demo.test@4cbd03e7]" name="step2" duration-ms="3451" started-at="2020-07-21T10:10:06Z" finished-at="2020-07-21T10:10:09Z">
          <reporter-output>
          </reporter-output>
        </test-method> <!-- step2 -->
        <test-method status="PASS" signature="step3()[pri:3, instance:com.demo.test@4cbd03e7]" name="step3" duration-ms="2362" started-at="2020-07-21T10:10:09Z" finished-at="2020-07-21T10:10:12Z">
          <reporter-output>
          </reporter-output>
        </test-method> <!-- step3 -->
        <test-method status="PASS" signature="step4()[pri:4, instance:com.demo.test@4cbd03e7]" name="step4" duration-ms="2375" started-at="2020-07-21T10:10:12Z" finished-at="2020-07-21T10:10:14Z">
          <reporter-output>
          </reporter-output>
        </test-method> <!-- step4 -->
        <test-method status="PASS" signature="step5()[pri:5, instance:com.demo.test@4cbd03e7]" name="step5" duration-ms="179" started-at="2020-07-21T10:10:14Z" finished-at="2020-07-21T10:10:14Z">
          <reporter-output>
          </reporter-output>
        </test-method> <!-- step5 -->
        <test-method status="PASS" signature="step6()[pri:6, instance:com.demo.test@4cbd03e7]" name="step6" duration-ms="3111" started-at="2020-07-21T10:10:14Z" finished-at="2020-07-21T10:10:17Z">
          <reporter-output>
          </reporter-output>
        </test-method> <!-- step6 -->
        <test-method status="PASS" signature="step7()[pri:7, instance:com.demo.test@4cbd03e7]" name="step7" duration-ms="417" started-at="2020-07-21T10:10:17Z" finished-at="2020-07-21T10:10:18Z">
          <reporter-output>
          </reporter-output>
        </test-method> <!-- step7 -->
        <test-method status="PASS" signature="step8()[pri:8, instance:com.demo.test@4cbd03e7]" name="step8" duration-ms="3441" started-at="2020-07-21T10:10:18Z" finished-at="2020-07-21T10:10:21Z">
          <reporter-output>
          </reporter-output>
        </test-method> <!-- step8 -->
        <test-method status="PASS" signature="step9()[pri:9, instance:com.demo.test@4cbd03e7]" name="step9" duration-ms="312" started-at="2020-07-21T10:10:21Z" finished-at="2020-07-21T10:10:22Z">
          <reporter-output>
          </reporter-output>
        </test-method> <!-- step9 -->
        <test-method status="PASS" signature="closing()[pri:0, instance:com.demo.test@4cbd03e7]" name="closing" is-config="true" duration-ms="4347" started-at="2020-07-21T10:10:22Z" finished-at="2020-07-21T10:10:26Z">
          <reporter-output>
          </reporter-output>
        </test-method> <!-- closing -->
      </class> <!-- com.demo.test -->
    </test> <!-- Test -->
  </suite> <!-- Suite -->
</testng-results>
