<?xml version="1.0" encoding="UTF-8"?>
<testng-results skipped="0" failed="0" ignored="0" total="10" passed="10">
  <reporter-output>
  </reporter-output>
  <suite name="Default suite" duration-ms="36853" started-at="2020-07-22T16:43:28Z" finished-at="2020-07-22T16:44:05Z">
    <groups>
    </groups>
    <test name="Default test" duration-ms="36853" started-at="2020-07-22T16:43:28Z" finished-at="2020-07-22T16:44:05Z">
      <class name="com.demo.test">
        <test-method status="PASS" signature="invokeBrowser()[pri:0, instance:com.demo.test@52b6319f]" name="invokeBrowser" is-config="true" duration-ms="11742" started-at="2020-07-22T16:43:28Z" finished-at="2020-07-22T16:43:40Z">
          <reporter-output>
          </reporter-output>
        </test-method> <!-- invokeBrowser -->
        <test-method status="PASS" signature="verifyTitle()[pri:0, instance:com.demo.test@52b6319f]" name="verifyTitle" duration-ms="242" started-at="2020-07-22T16:43:40Z" finished-at="2020-07-22T16:43:40Z">
          <reporter-output>
          </reporter-output>
        </test-method> <!-- verifyTitle -->
        <test-method status="PASS" signature="flush()[pri:0, instance:com.demo.test@52b6319f]" name="flush" is-config="true" duration-ms="379" started-at="2020-07-22T16:43:40Z" finished-at="2020-07-22T16:43:41Z">
          <reporter-output>
          </reporter-output>
        </test-method> <!-- flush -->
        <test-method status="PASS" signature="step1()[pri:1, instance:com.demo.test@52b6319f]" name="step1" duration-ms="2309" started-at="2020-07-22T16:43:41Z" finished-at="2020-07-22T16:43:43Z">
          <reporter-output>
          </reporter-output>
        </test-method> <!-- step1 -->
        <test-method status="PASS" signature="flush()[pri:0, instance:com.demo.test@52b6319f]" name="flush" is-config="true" duration-ms="50" started-at="2020-07-22T16:43:43Z" finished-at="2020-07-22T16:43:43Z">
          <reporter-output>
          </reporter-output>
        </test-method> <!-- flush -->
        <test-method status="PASS" signature="step2()[pri:2, instance:com.demo.test@52b6319f]" name="step2" duration-ms="3072" started-at="2020-07-22T16:43:43Z" finished-at="2020-07-22T16:43:46Z">
          <reporter-output>
          </reporter-output>
        </test-method> <!-- step2 -->
        <test-method status="PASS" signature="flush()[pri:0, instance:com.demo.test@52b6319f]" name="flush" is-config="true" duration-ms="35" started-at="2020-07-22T16:43:46Z" finished-at="2020-07-22T16:43:46Z">
          <reporter-output>
          </reporter-output>
        </test-method> <!-- flush -->
        <test-method status="PASS" signature="step3()[pri:3, instance:com.demo.test@52b6319f]" name="step3" duration-ms="2226" started-at="2020-07-22T16:43:46Z" finished-at="2020-07-22T16:43:49Z">
          <reporter-output>
          </reporter-output>
        </test-method> <!-- step3 -->
        <test-method status="PASS" signature="flush()[pri:0, instance:com.demo.test@52b6319f]" name="flush" is-config="true" duration-ms="36" started-at="2020-07-22T16:43:49Z" finished-at="2020-07-22T16:43:49Z">
          <reporter-output>
          </reporter-output>
        </test-method> <!-- flush -->
        <test-method status="PASS" signature="step4()[pri:4, instance:com.demo.test@52b6319f]" name="step4" duration-ms="2177" started-at="2020-07-22T16:43:49Z" finished-at="2020-07-22T16:43:51Z">
          <reporter-output>
          </reporter-output>
        </test-method> <!-- step4 -->
        <test-method status="PASS" signature="flush()[pri:0, instance:com.demo.test@52b6319f]" name="flush" is-config="true" duration-ms="36" started-at="2020-07-22T16:43:51Z" finished-at="2020-07-22T16:43:51Z">
          <reporter-output>
          </reporter-output>
        </test-method> <!-- flush -->
        <test-method status="PASS" signature="step5()[pri:5, instance:com.demo.test@52b6319f]" name="step5" duration-ms="737" started-at="2020-07-22T16:43:51Z" finished-at="2020-07-22T16:43:52Z">
          <reporter-output>
          </reporter-output>
        </test-method> <!-- step5 -->
        <test-method status="PASS" signature="flush()[pri:0, instance:com.demo.test@52b6319f]" name="flush" is-config="true" duration-ms="34" started-at="2020-07-22T16:43:52Z" finished-at="2020-07-22T16:43:52Z">
          <reporter-output>
          </reporter-output>
        </test-method> <!-- flush -->
        <test-method status="PASS" signature="step6()[pri:6, instance:com.demo.test@52b6319f]" name="step6" duration-ms="3013" started-at="2020-07-22T16:43:52Z" finished-at="2020-07-22T16:43:55Z">
          <reporter-output>
          </reporter-output>
        </test-method> <!-- step6 -->
        <test-method status="PASS" signature="flush()[pri:0, instance:com.demo.test@52b6319f]" name="flush" is-config="true" duration-ms="36" started-at="2020-07-22T16:43:55Z" finished-at="2020-07-22T16:43:55Z">
          <reporter-output>
          </reporter-output>
        </test-method> <!-- flush -->
        <test-method status="PASS" signature="step7()[pri:7, instance:com.demo.test@52b6319f]" name="step7" duration-ms="108" started-at="2020-07-22T16:43:55Z" finished-at="2020-07-22T16:43:55Z">
          <reporter-output>
          </reporter-output>
        </test-method> <!-- step7 -->
        <test-method status="PASS" signature="flush()[pri:0, instance:com.demo.test@52b6319f]" name="flush" is-config="true" duration-ms="27" started-at="2020-07-22T16:43:55Z" finished-at="2020-07-22T16:43:55Z">
          <reporter-output>
          </reporter-output>
        </test-method> <!-- flush -->
        <test-method status="PASS" signature="step8()[pri:8, instance:com.demo.test@52b6319f]" name="step8" duration-ms="3162" started-at="2020-07-22T16:43:55Z" finished-at="2020-07-22T16:43:58Z">
          <reporter-output>
          </reporter-output>
        </test-method> <!-- step8 -->
        <test-method status="PASS" signature="flush()[pri:0, instance:com.demo.test@52b6319f]" name="flush" is-config="true" duration-ms="23" started-at="2020-07-22T16:43:58Z" finished-at="2020-07-22T16:43:58Z">
          <reporter-output>
          </reporter-output>
        </test-method> <!-- flush -->
        <test-method status="PASS" signature="step9()[pri:9, instance:com.demo.test@52b6319f]" name="step9" duration-ms="222" started-at="2020-07-22T16:43:58Z" finished-at="2020-07-22T16:43:58Z">
          <reporter-output>
          </reporter-output>
        </test-method> <!-- step9 -->
        <test-method status="PASS" signature="flush()[pri:0, instance:com.demo.test@52b6319f]" name="flush" is-config="true" duration-ms="30" started-at="2020-07-22T16:43:58Z" finished-at="2020-07-22T16:43:58Z">
          <reporter-output>
          </reporter-output>
        </test-method> <!-- flush -->
        <test-method status="PASS" signature="closing()[pri:0, instance:com.demo.test@52b6319f]" name="closing" is-config="true" duration-ms="6863" started-at="2020-07-22T16:43:58Z" finished-at="2020-07-22T16:44:05Z">
          <reporter-output>
          </reporter-output>
        </test-method> <!-- closing -->
      </class> <!-- com.demo.test -->
    </test> <!-- Default test -->
  </suite> <!-- Default suite -->
</testng-results>
